0 info it worked if it ends with ok
1 verbose cli [ 'node',
1 verbose cli   '/home/gavin/bin/_npm/node_modules/.bin/npm',
1 verbose cli   'publish' ]
2 info using npm@2.5.1
3 info using node@v0.10.33
4 verbose publish [ '.' ]
5 silly cache add args [ '.', null ]
6 verbose cache add spec .
7 silly cache add parsed spec { raw: '.',
7 silly cache add   scope: null,
7 silly cache add   name: null,
7 silly cache add   rawSpec: '.',
7 silly cache add   spec: '/home/gavin/MEGA/Workspace/gits/magic-globals',
7 silly cache add   type: 'directory' }
8 verbose addLocalDirectory /home/gavin/.npm/magic-globals/0.4.1/package.tgz not in flight; packing
9 verbose tar pack [ '/home/gavin/.npm/magic-globals/0.4.1/package.tgz',
9 verbose tar pack   '/home/gavin/MEGA/Workspace/gits/magic-globals' ]
10 verbose tarball /home/gavin/.npm/magic-globals/0.4.1/package.tgz
11 verbose folder /home/gavin/MEGA/Workspace/gits/magic-globals
12 info prepublish magic-globals@0.4.1
13 verbose addLocalTarball adding from inside cache /home/gavin/.npm/magic-globals/0.4.1/package.tgz
14 silly cache afterAdd magic-globals@0.4.1
15 verbose afterAdd /home/gavin/.npm/magic-globals/0.4.1/package/package.json not in flight; writing
16 verbose afterAdd /home/gavin/.npm/magic-globals/0.4.1/package/package.json written
17 silly publish { name: 'magic-globals',
17 silly publish   version: '0.4.1',
17 silly publish   description: 'Magic Globals, ex. `__line` and `__func`. Similar to Magic Constants in PHP',
17 silly publish   main: 'magic-globals.js',
17 silly publish   scripts: { test: 'node ./tests/index.js' },
17 silly publish   repository:
17 silly publish    { type: 'git',
17 silly publish      url: 'https://github.com/gavinengel/magic-globals' },
17 silly publish   keywords: [ 'magic', 'globals', 'debug' ],
17 silly publish   author: { name: 'Gavin Engel' },
17 silly publish   license: 'MIT',
17 silly publish   readme: '# Magic Globals\nSimilar to Magic Constants in PHP.  Useful for debugging.\n\n[![npm version](https://badge.fury.io/js/magic-globals.svg)](http://badge.fury.io/js/magic-globals)\n[![gluten](https://img.shields.io/badge/gluten-free-green.svg?style=flat)](http://i.imgur.com/Kua978a.jpg)\n\n\n## Usage\n```js\n// require this module without assigning export\nrequire(\'magic-globals\')\n\n// you may now use additional global objects,\n// in addition to built-ins: __filename and __dirname\nconsole.log(__line) // 6\nconsole.log(__file) // server\nconsole.log(__ext) // js\nconsole.log(__base) // /home/node/apps/5pt-app-model-example/api-example\nconsole.log(__filename) // /home/node/apps/5pt-app-model-example/api-example/server/server.js\nconsole.log(__func) // someFunction or (anonymous) \nconsole.log(__dirname) // /home/node/apps/5pt-app-model-example/api-example/server\nconsole.log(__fili) // /home/node/apps/5pt-app-model-example/api-example/server/server.js:6\n```\n\n## Credits\nThese sources have helped to create this module by sharing their code:\n* http://stackoverflow.com/questions/13591785/does-node-js-have-anything-like-file-and-line-like-the-c-preprocessor \n* http://stackoverflow.com/questions/11386492/accessing-line-number-in-v8-javascript-chrome-node-js \n* https://gist.github.com/lordvlad/ec81834ddff73aaa1ab0\n\n## Alternatives\nThese are alternative projects which can yield achieve a similar result:\n* https://www.npmjs.com/package/nor-debug\n* https://www.npmjs.com/package/pitestglobals\n\n## License\n\n([The MIT License](http://opensource.org/licenses/MIT))\nCopyright (c) 2015 Gavin Engel <<gavin@engel.com>>\n\n',
17 silly publish   readmeFilename: 'README.md',
17 silly publish   gitHead: 'c7b85ee3afe4809739bbd4eb18f38f3c2b25f475',
17 silly publish   bugs: { url: 'https://github.com/gavinengel/magic-globals/issues' },
17 silly publish   homepage: 'https://github.com/gavinengel/magic-globals',
17 silly publish   _id: 'magic-globals@0.4.1',
17 silly publish   _shasum: 'c2d92ba7bc202820da5400c6e3ecd8c807a21209',
17 silly publish   _from: '.' }
18 silly mapToRegistry name magic-globals
19 silly mapToRegistry using default registry
20 silly mapToRegistry registry https://registry.npmjs.org/
21 silly mapToRegistry uri https://registry.npmjs.org/magic-globals
22 verbose publish registryBase https://registry.npmjs.org/
23 silly publish uploading /home/gavin/.npm/magic-globals/0.4.1/package.tgz
24 verbose request uri https://registry.npmjs.org/magic-globals
25 verbose request always-auth set; sending authorization
26 info attempt registry request try #1 at 23:17:39
27 verbose request id 8e6442f50d1464de
28 http request PUT https://registry.npmjs.org/magic-globals
29 http 403 https://registry.npmjs.org/magic-globals
30 verbose headers { date: 'Sat, 14 Mar 2015 03:17:40 GMT',
30 verbose headers   server: 'CouchDB/1.5.0 (Erlang OTP/R16B03)',
30 verbose headers   'content-type': 'application/json',
30 verbose headers   'cache-control': 'max-age=60',
30 verbose headers   'content-length': '4111',
30 verbose headers   'accept-ranges': 'bytes',
30 verbose headers   via: '1.1 varnish',
30 verbose headers   'x-served-by': 'cache-dfw1827-DFW',
30 verbose headers   'x-cache': 'MISS',
30 verbose headers   'x-cache-hits': '0',
30 verbose headers   'x-timer': 'S1426303060.288784,VS0,VE281',
30 verbose headers   'keep-alive': 'timeout=10, max=50',
30 verbose headers   connection: 'Keep-Alive' }
31 verbose request invalidating /home/gavin/.npm/registry.npmjs.org/magic-globals on PUT
32 error publish Failed PUT 403
33 verbose stack Error: forbidden cannot modify pre-existing version: 0.4.1
33 verbose stack old={"name":"magic-globals","version":"0.4.1","description":"Magic Globals, ex. `__line` and `__func`. Similar to Magic Constants in PHP","main":"magic-globals.js","scripts":{"test":"node ./tests/index.js"},"repository":{"type":"git","url":"https://github.com/gavinengel/magic-globals"},"keywords":["magic","globals","debug"],"author":{"name":"Gavin Engel"},"license":"MIT","gitHead":"e5cdf54da73a4e3e2bad2da2a35c184ee005d520","bugs":{"url":"https://github.com/gavinengel/magic-globals/issues"},"homepage":"https://github.com/gavinengel/magic-globals","_id":"magic-globals@0.4.1","_shasum":"dd2d41cb4d6e14cde28571e59ba19a5da4efce9e","_from":".","_npmVersion":"2.5.1","_nodeVersion":"0.10.33","_npmUser":{"name":"gavinengel","email":"gavin@engel.com"},"maintainers":[{"name":"gavinengel","email":"gavin@engel.com"}],"dist":{"shasum":"dd2d41cb4d6e14cde28571e59ba19a5da4efce9e","tarball":"http://registry.npmjs.org/magic-globals/-/magic-globals-0.4.1.tgz"}}
33 verbose stack new={"name":"magic-globals","version":"0.4.1","description":"Magic Globals, ex. `__line` and `__func`. Similar to Magic Constants in PHP","main":"magic-globals.js","scripts":{"test":"node ./tests/index.js"},"repository":{"type":"git","url":"https://github.com/gavinengel/magic-globals"},"keywords":["magic","globals","debug"],"author":{"name":"Gavin Engel"},"license":"MIT","readme":"# Magic Globals\u000aSimilar to Magic Constants in PHP.  Useful for debugging.\u000a\u000a[![npm version](https://badge.fury.io/js/magic-globals.svg)](http://badge.fury.io/js/magic-globals)\u000a[![gluten](https://img.shields.io/badge/gluten-free-green.svg?style=flat)](http://i.imgur.com/Kua978a.jpg)\u000a\u000a\u000a## Usage\u000a```js\u000a// require this module without assigning export\u000arequire('magic-globals')\u000a\u000a// you may now use additional global objects,\u000a// in addition to built-ins: __filename and __dirname\u000aconsole.log(__line) // 6\u000aconsole.log(__file) // server\u000aconsole.log(__ext) // js\u000aconsole.log(__base) // /home/node/apps/5pt-app-model-example/api-example\u000aconsole.log(__filename) // /home/node/apps/5pt-app-model-example/api-example/server/server.js\u000aconsole.log(__func) // someFunction or (anonymous) \u000aconsole.log(__dirname) // /home/node/apps/5pt-app-model-example/api-example/server\u000aconsole.log(__fili) // /home/node/apps/5pt-app-model-example/api-example/server/server.js:6\u000a```\u000a\u000a## Credits\u000aThese sources have helped to create this module by sharing their code:\u000a* http://stackoverflow.com/questions/13591785/does-node-js-have-anything-like-file-and-line-like-the-c-preprocessor \u000a* http://stackoverflow.com/questions/11386492/accessing-line-number-in-v8-javascript-chrome-node-js \u000a* https://gist.github.com/lordvlad/ec81834ddff73aaa1ab0\u000a\u000a## Alternatives\u000aThese are alternative projects which can yield achieve a similar result:\u000a* https://www.npmjs.com/package/nor-debug\u000a* https://www.npmjs.com/package/pitestglobals\u000a\u000a## License\u000a\u000a([The MIT License](http://opensource.org/licenses/MIT))\u000aCopyright (c) 2015 Gavin Engel <<gavin@engel.com>>\u000a\u000a","readmeFilename":"README.md","gitHead":"c7b85ee3afe4809739bbd4eb18f38f3c2b25f475","bugs":{"url":"https://github.com/gavinengel/magic-globals/issues"},"homepage":"https://github.com/gavinengel/magic-globals","_id":"magic-globals@0.4.1","_shasum":"c2d92ba7bc202820da5400c6e3ecd8c807a21209","_from":".","_npmVersion":"2.5.1","_nodeVersion":"0.10.33","_npmUser":{"name":"gavinengel","email":"gavin@engel.com"},"maintainers":[{"name":"gavinengel","email":"gavin@engel.com"}],"dist":{"shasum":"c2d92ba7bc202820da5400c6e3ecd8c807a21209","tarball":"http://registry.npmjs.org/magic-globals/-/magic-globals-0.4.1.tgz"}}: magic-globals
33 verbose stack     at CachingRegistryClient.<anonymous> (/home/gavin/bin/_npm/node_modules/npm/node_modules/npm-registry-client/lib/request.js:254:14)
33 verbose stack     at Request._callback (/home/gavin/bin/_npm/node_modules/npm/node_modules/npm-registry-client/lib/request.js:178:14)
33 verbose stack     at Request.self.callback (/home/gavin/bin/_npm/node_modules/npm/node_modules/request/request.js:344:22)
33 verbose stack     at Request.emit (events.js:98:17)
33 verbose stack     at Request.<anonymous> (/home/gavin/bin/_npm/node_modules/npm/node_modules/request/request.js:1239:14)
33 verbose stack     at Request.emit (events.js:117:20)
33 verbose stack     at IncomingMessage.<anonymous> (/home/gavin/bin/_npm/node_modules/npm/node_modules/request/request.js:1187:12)
33 verbose stack     at IncomingMessage.emit (events.js:117:20)
33 verbose stack     at _stream_readable.js:943:16
33 verbose stack     at process._tickCallback (node.js:419:13)
34 verbose statusCode 403
35 verbose pkgid magic-globals
36 verbose cwd /home/gavin/MEGA/Workspace/gits/magic-globals
37 error Linux 3.18.7-200.fc21.x86_64
38 error argv "node" "/home/gavin/bin/_npm/node_modules/.bin/npm" "publish"
39 error node v0.10.33
40 error npm  v2.5.1
41 error code E403
42 error forbidden cannot modify pre-existing version: 0.4.1
42 error old={"name":"magic-globals","version":"0.4.1","description":"Magic Globals, ex. `__line` and `__func`. Similar to Magic Constants in PHP","main":"magic-globals.js","scripts":{"test":"node ./tests/index.js"},"repository":{"type":"git","url":"https://github.com/gavinengel/magic-globals"},"keywords":["magic","globals","debug"],"author":{"name":"Gavin Engel"},"license":"MIT","gitHead":"e5cdf54da73a4e3e2bad2da2a35c184ee005d520","bugs":{"url":"https://github.com/gavinengel/magic-globals/issues"},"homepage":"https://github.com/gavinengel/magic-globals","_id":"magic-globals@0.4.1","_shasum":"dd2d41cb4d6e14cde28571e59ba19a5da4efce9e","_from":".","_npmVersion":"2.5.1","_nodeVersion":"0.10.33","_npmUser":{"name":"gavinengel","email":"gavin@engel.com"},"maintainers":[{"name":"gavinengel","email":"gavin@engel.com"}],"dist":{"shasum":"dd2d41cb4d6e14cde28571e59ba19a5da4efce9e","tarball":"http://registry.npmjs.org/magic-globals/-/magic-globals-0.4.1.tgz"}}
42 error new={"name":"magic-globals","version":"0.4.1","description":"Magic Globals, ex. `__line` and `__func`. Similar to Magic Constants in PHP","main":"magic-globals.js","scripts":{"test":"node ./tests/index.js"},"repository":{"type":"git","url":"https://github.com/gavinengel/magic-globals"},"keywords":["magic","globals","debug"],"author":{"name":"Gavin Engel"},"license":"MIT","readme":"# Magic Globals\u000aSimilar to Magic Constants in PHP.  Useful for debugging.\u000a\u000a[![npm version](https://badge.fury.io/js/magic-globals.svg)](http://badge.fury.io/js/magic-globals)\u000a[![gluten](https://img.shields.io/badge/gluten-free-green.svg?style=flat)](http://i.imgur.com/Kua978a.jpg)\u000a\u000a\u000a## Usage\u000a```js\u000a// require this module without assigning export\u000arequire('magic-globals')\u000a\u000a// you may now use additional global objects,\u000a// in addition to built-ins: __filename and __dirname\u000aconsole.log(__line) // 6\u000aconsole.log(__file) // server\u000aconsole.log(__ext) // js\u000aconsole.log(__base) // /home/node/apps/5pt-app-model-example/api-example\u000aconsole.log(__filename) // /home/node/apps/5pt-app-model-example/api-example/server/server.js\u000aconsole.log(__func) // someFunction or (anonymous) \u000aconsole.log(__dirname) // /home/node/apps/5pt-app-model-example/api-example/server\u000aconsole.log(__fili) // /home/node/apps/5pt-app-model-example/api-example/server/server.js:6\u000a```\u000a\u000a## Credits\u000aThese sources have helped to create this module by sharing their code:\u000a* http://stackoverflow.com/questions/13591785/does-node-js-have-anything-like-file-and-line-like-the-c-preprocessor \u000a* http://stackoverflow.com/questions/11386492/accessing-line-number-in-v8-javascript-chrome-node-js \u000a* https://gist.github.com/lordvlad/ec81834ddff73aaa1ab0\u000a\u000a## Alternatives\u000aThese are alternative projects which can yield achieve a similar result:\u000a* https://www.npmjs.com/package/nor-debug\u000a* https://www.npmjs.com/package/pitestglobals\u000a\u000a## License\u000a\u000a([The MIT License](http://opensource.org/licenses/MIT))\u000aCopyright (c) 2015 Gavin Engel <<gavin@engel.com>>\u000a\u000a","readmeFilename":"README.md","gitHead":"c7b85ee3afe4809739bbd4eb18f38f3c2b25f475","bugs":{"url":"https://github.com/gavinengel/magic-globals/issues"},"homepage":"https://github.com/gavinengel/magic-globals","_id":"magic-globals@0.4.1","_shasum":"c2d92ba7bc202820da5400c6e3ecd8c807a21209","_from":".","_npmVersion":"2.5.1","_nodeVersion":"0.10.33","_npmUser":{"name":"gavinengel","email":"gavin@engel.com"},"maintainers":[{"name":"gavinengel","email":"gavin@engel.com"}],"dist":{"shasum":"c2d92ba7bc202820da5400c6e3ecd8c807a21209","tarball":"http://registry.npmjs.org/magic-globals/-/magic-globals-0.4.1.tgz"}}: magic-globals
43 error If you need help, you may report this error at:
43 error     <http://github.com/npm/npm/issues>
44 verbose exit [ 1, true ]
